<?xml version="1.0" encoding="UTF-8"?>
<testng-results skipped="0" failed="0" ignored="0" total="2" passed="2">
  <reporter-output>
  </reporter-output>
  <suite name="software testing" duration-ms="83175" started-at="2019-09-20T13:21:01Z" finished-at="2019-09-20T13:22:25Z">
    <groups>
    </groups>
    <test name="General Maven run" duration-ms="83175" started-at="2019-09-20T13:21:01Z" finished-at="2019-09-20T13:22:25Z">
      <class name="com.org.metric1.Shangrila.HelloMavenTest">
        <test-method status="PASS" signature="openbrowser1()[pri:0, instance:com.org.metric1.Shangrila.HelloMavenTest@6a41eaa2]" name="openbrowser1" is-config="true" duration-ms="61395" started-at="2019-09-20T18:51:01Z" finished-at="2019-09-20T18:52:03Z">
          <reporter-output>
          </reporter-output>
        </test-method> <!-- openbrowser1 -->
        <test-method status="PASS" signature="raghu()[pri:1, instance:com.org.metric1.Shangrila.HelloMavenTest@6a41eaa2]" name="raghu" duration-ms="11405" started-at="2019-09-20T18:52:03Z" finished-at="2019-09-20T18:52:14Z">
          <reporter-output>
          </reporter-output>
        </test-method> <!-- raghu -->
        <test-method status="PASS" signature="EntringTestFirst()[pri:2, instance:com.org.metric1.Shangrila.HelloMavenTest@6a41eaa2]" name="EntringTestFirst" duration-ms="10327" started-at="2019-09-20T18:52:14Z" finished-at="2019-09-20T18:52:25Z">
          <reporter-output>
          </reporter-output>
        </test-method> <!-- EntringTestFirst -->
      </class> <!-- com.org.metric1.Shangrila.HelloMavenTest -->
    </test> <!-- General Maven run -->
  </suite> <!-- software testing -->
</testng-results>
